<?xml version="1.0" encoding="UTF-8"?>
<!-- Generated by org.testng.reporters.JUnitXMLReporter -->
<testsuite hostname="Sekar-PC" ignored="0" name="Test" tests="4" failures="0" timestamp="12 Jul 2021 12:54:18 GMT" time="75.096" errors="0">
  <testcase name="page1" time="60.674" classname="testng.TestNG1"/>
  <testcase name="page2" time="5.343" classname="testng.TestNG1"/>
  <testcase name="page3" time="2.289" classname="testng.TestNG1"/>
  <testcase name="page4" time="1.648" classname="testng.TestNG1"/>
</testsuite> <!-- Test -->
