<?xml version="1.0" encoding="UTF-8"?>
<testng-results skipped="0" failed="0" ignored="0" total="2" passed="2">
  <reporter-output>
  </reporter-output>
  <suite name="Default suite" duration-ms="312" started-at="2021-07-16T06:12:07Z" finished-at="2021-07-16T06:12:08Z">
    <groups>
    </groups>
    <test name="Default test" duration-ms="312" started-at="2021-07-16T06:12:07Z" finished-at="2021-07-16T06:12:08Z">
      <class name="testng.TestNG4">
        <test-method status="PASS" signature="tc01()[pri:0, instance:testng.TestNG4@28d25987]" name="tc01" duration-ms="70" started-at="2021-07-16T06:12:07Z" finished-at="2021-07-16T06:12:08Z">
          <reporter-output>
          </reporter-output>
        </test-method> <!-- tc01 -->
        <test-method status="PASS" signature="tc02()[pri:0, instance:testng.TestNG4@28d25987]" name="tc02" duration-ms="3" started-at="2021-07-16T06:12:08Z" finished-at="2021-07-16T06:12:08Z">
          <reporter-output>
          </reporter-output>
        </test-method> <!-- tc02 -->
      </class> <!-- testng.TestNG4 -->
    </test> <!-- Default test -->
  </suite> <!-- Default suite -->
</testng-results>
